Arguments: 
  /Users/guiltygyoza/.nvm/versions/node/v17.2.0/bin/node /Users/guiltygyoza/.nvm/versions/node/v17.2.0/bin/yarn add @starknet-react/core

PATH: 
  /Users/guiltygyoza/.nvm/versions/node/v17.2.0/bin:/Users/guiltygyoza/.gem/ruby/3.0.2/bin:/Users/guiltygyoza/.rbenv/shims:/usr/local/opt/ruby/bin:/usr/local/lib/ruby/gems/3.0.0/bin:/opt/homebrew/bin:/Users/guiltygyoza/mambaforge/bin:/Users/guiltygyoza/mambaforge/condabin:/opt/local/bin:/opt/local/sbin:/usr/local/bin:/usr/bin:/bin:/usr/sbin:/sbin:/Users/guiltygyoza/.cargo/bin:/Users/guiltygyoza/.cabal/bin:/Users/guiltygyoza/.ghcup/bin:/Users/guiltygyoza/.starklings/dist/starklings

Yarn version: 
  1.22.17

Node version: 
  17.2.0

Platform: 
  darwin x64

Trace: 
  Error: ENOENT: no such file or directory, copyfile '/Users/guiltygyoza/Library/Caches/Yarn/v6/npm-ms-2.1.3-574c8138ce1d2b5861f0b44579dbadd60c6615b2-integrity/node_modules/ms/license.md' -> '/Users/guiltygyoza/dev/next-exp/next-exp/node_modules/eslint-import-resolver-node/node_modules/ms/license.md'

npm manifest: 
  {
    "name": "next-exp",
    "version": "0.1.0",
    "private": true,
    "scripts": {
      "dev": "next dev",
      "build": "next build",
      "start": "next start",
      "lint": "next lint"
    },
    "dependencies": {
      "@starknet-react/core": "^0.14.0",
      "next": "12.3.1",
      "react": "18.2.0",
      "react-dom": "18.2.0"
    },
    "devDependencies": {
      "eslint": "8.25.0",
      "eslint-config-next": "12.3.1"
    }
  }

yarn manifest: 
  No manifest

Lockfile: 
  No lockfile
